12:05:37 **** Build of configuration Debug for project Template_arm9 ****
make 
cp: /Users/dhuang/eclipse-workspace2/Template_arm9/build/../precompiled/*: No such file or directory

************************
* Maxmod Utility 1.9.1 *
************************

Usage:
  mmutil [options] input files ...

 Input may be MOD, S3M, XM, IT, and/or WAV

.------------.----------------------------------------------------.
| Option     | Description                                        |
|------------|----------------------------------------------------|
| -o<output> | Set output file.                                   |
| -h<header> | Set header output file.                            |
| -m         | Output MAS file rather than soundbank.             |
| -d         | Use for NDS projects.                              |
| -b         | Create test ROM. (use -d for .nds, otherwise .gba) |
| -i         | Ignore sample flags.                               |
| -v         | Enable verbose output.                             |
| -p         | Set initial panning separation for MOD/S3M.        |
`-----------------------------------------------------------------'

.-----------------------------------------------------------------.
| Examples:                                                       |
|-----------------------------------------------------------------|
| Create DS soundbank file (soundbank.bin) from input1.xm         |
| and input2.it Also output header file (soundbank.h)             |
|                                                                 |
| mmutil -d input1.xm input2.it -osoundbank.bin -hsoundbank.h     |
|-----------------------------------------------------------------|
| Create test GBA ROM from two inputs                             |
|                                                                 |
| mmutil -b input1.mod input2.s3m -oTEST.gba                      |
|-----------------------------------------------------------------|
| Create test NDS ROM from three inputs                           |
|                                                                 |
| mmutil -d -b input1.xm input2.s3m testsound.wav                 |
`-----------------------------------------------------------------'
 www.maxmod.org
soundbank.bin
bin2s: could not open soundbank.bin: No such file or directory
main.c
linking Template_arm9.elf
built ... Template_arm9.arm9
Nintendo DS rom tool 2.1.2 - Jun 13 2018
by Rafael Vuijk, Dave Murphy, Alexei Karpenko
built ... Template_arm9.nds

12:05:37 Build Finished. 0 errors, 0 warnings. (took 510ms)

